This is LuaTeX, Version beta-0.70.2-2012060719 (MiKTeX 2.9)  (format=lualatex 2013.7.26)  12 SEP 2017 14:26
**Main_.tex
(C:/Data/Software/DuMux/Documentation/Main_.tex
LaTeX2e <2011/06/27>
LuaTeX adaptation of babel <v3.8m-luatex-1.5> and hyphenation patterns for engl
ish, loaded.
("C:/Program Files (x86)/MiKTeX 2.9/tex/latex/koma-script/scrreprt.cls"
Document Class: scrreprt 2017/01/03 v3.22 KOMA-Script document class (report)
("C:/Program Files (x86)/MiKTeX 2.9/tex/latex/koma-script/scrkbase.sty"
Package: scrkbase 2017/01/03 v3.22 KOMA-Script package (KOMA-Script-dependent b
asics and keyval usage)

("C:/Program Files (x86)/MiKTeX 2.9/tex/latex/koma-script/scrbase.sty"
Package: scrbase 2017/01/03 v3.22 KOMA-Script package (KOMA-Script-independent 
basics and keyval usage)

("C:/Program Files (x86)/MiKTeX 2.9/tex/latex/graphics/keyval.sty"
Package: keyval 1999/03/16 v1.13 key=value parser (DPC)
\KV@toks@=\toks14
)
("C:/Program Files (x86)/MiKTeX 2.9/tex/latex/koma-script/scrlfile.sty"
Package: scrlfile 2017/01/03 v3.22 KOMA-Script package (loading files)

Package scrlfile, 2017/01/03 v3.22 KOMA-Script package (loading files)
                  Copyright (C) Markus Kohm

))) ("C:/Program Files (x86)/MiKTeX 2.9/tex/latex/koma-script/tocbasic.sty"
Package: tocbasic 2017/01/03 v3.22 KOMA-Script package (handling toc-files)
\scr@dte@tocline@numberwidth=\skip41
\scr@dte@tocline@numbox=\box26
)
Package tocbasic Info: omitting babel extension for `toc'
(tocbasic)             because of feature `nobabel' available
(tocbasic)             for `toc' on input line 132.
Package tocbasic Info: omitting babel extension for `lof'
(tocbasic)             because of feature `nobabel' available
(tocbasic)             for `lof' on input line 133.
Package tocbasic Info: omitting babel extension for `lot'
(tocbasic)             because of feature `nobabel' available
(tocbasic)             for `lot' on input line 134.
Package tocbasic Info: defining new hook before heading of `' on input line 160
7.
Package scrreprt Info: You've used standard option `12pt'.
(scrreprt)             This is correct!
(scrreprt)             Internally I'm using `fontsize=12pt'.
(scrreprt)             If you'd like to set the option with \KOMAoptions,
(scrreprt)             you'd have to use `fontsize=12pt' there
(scrreprt)             instead of `12pt', too.
Class scrreprt Info: File `scrsize12pt.clo' used to setup font sizes on input l
ine 2267.

("C:/Program Files (x86)/MiKTeX 2.9/tex/latex/koma-script/scrsize12pt.clo"
File: scrsize12pt.clo 2017/01/03 v3.22 KOMA-Script font size class option (12pt
)
)
("C:/Program Files (x86)/MiKTeX 2.9/tex/latex/koma-script/typearea.sty"
Package: typearea 2017/01/03 v3.22 KOMA-Script package (type area)

Package typearea, 2017/01/03 v3.22 KOMA-Script package (type area)
                  Copyright (C) Frank Neukam, 1992-1994
                  Copyright (C) Markus Kohm, 1994-

\ta@bcor=\skip42
\ta@div=\count79
Package typearea Info: You've used standard option `a4paper'.
(typearea)             This is correct!
(typearea)             Internally I'm using `paper=a4'.
(typearea)             If you'd like to set the option with \KOMAoptions,
(typearea)             you'd have to use `paper=a4' there
(typearea)             instead of `a4paper', too.
\ta@hblk=\skip43
\ta@vblk=\skip44
\ta@temp=\skip45
\footheight=\skip46
Package typearea Info: These are the values describing the layout:
(typearea)             DIV  = 12
(typearea)             BCOR = 0.0pt
(typearea)             \paperwidth      = 597.50793pt
(typearea)              \textwidth      = 448.13095pt
(typearea)              DIV departure   = -6%
(typearea)              \evensidemargin = 2.4185pt
(typearea)              \oddsidemargin  = 2.4185pt
(typearea)             \paperheight     = 845.04694pt
(typearea)              \textheight     = 635.5pt
(typearea)              \topmargin      = -41.72441pt
(typearea)              \headheight     = 18.125pt
(typearea)              \headsep        = 21.75pt
(typearea)              \topskip        = 12.0pt
(typearea)              \footskip       = 50.75pt
(typearea)              \baselineskip   = 14.5pt
(typearea)              on input line 1583.
)
\c@part=\count80
\c@chapter=\count81
\c@section=\count82
\c@subsection=\count83
\c@subsubsection=\count84
\c@paragraph=\count85
\c@subparagraph=\count86
\scr@dte@part@maxnumwidth=\skip47
\scr@dte@chapter@maxnumwidth=\skip48
\scr@dte@section@maxnumwidth=\skip49
\scr@dte@subsection@maxnumwidth=\skip50
\scr@dte@subsubsection@maxnumwidth=\skip51
\scr@dte@paragraph@maxnumwidth=\skip52
\scr@dte@subparagraph@maxnumwidth=\skip53
\abovecaptionskip=\skip54
\belowcaptionskip=\skip55
\c@pti@nb@sid@b@x=\box27
\c@figure=\count87
\c@table=\count88
Class scrreprt Info: Redefining `\numberline' on input line 5881.
\bibindent=\dimen102
) ("C:/Program Files (x86)/MiKTeX 2.9/tex/latex/caption/caption.sty"
Package: caption 2013/05/02 v3.3-89 Customizing captions (AR)

("C:/Program Files (x86)/MiKTeX 2.9/tex/latex/caption/caption3.sty"
Package: caption3 2013/05/02 v1.6-88 caption3 kernel (AR)
Package caption3 Info: TeX engine: e-TeX on input line 57.
\captionmargin=\dimen103
\captionmargin@=\dimen104
\captionwidth=\dimen105
\caption@tempdima=\dimen106
\caption@indent=\dimen107
\caption@parindent=\dimen108
\caption@hangindent=\dimen109
)
Package caption Info: KOMA-Script document class.
Package caption Info: We need package `newfloat' on input line 293.

("C:/Program Files (x86)/MiKTeX 2.9/tex/latex/caption/newfloat.sty"
Package: newfloat 2013/05/11 v1.1-91 Defining new floating environments (AR)
)
\c@ContinuedFloat=\count89
)
("C:/Program Files (x86)/MiKTeX 2.9/tex/latex/amsfonts/amsfonts.sty"
Package: amsfonts 2013/01/14 v3.01 Basic AMSFonts support
\@emptytoks=\toks15
\symAMSa=\mathgroup4
\symAMSb=\mathgroup5
LaTeX Font Info:    Overwriting math alphabet `\mathfrak' in version `bold'
(Font)                  U/euf/m/n --> U/euf/b/n on input line 106.
)
("C:/Program Files (x86)/MiKTeX 2.9/tex/latex/amsmath/amsmath.sty"
Package: amsmath 2013/01/14 v2.14 AMS math features
\@mathmargin=\skip56

For additional information on amsmath, use the `?' option.
("C:/Program Files (x86)/MiKTeX 2.9/tex/latex/amsmath/amstext.sty"
Package: amstext 2000/06/29 v2.01

("C:/Program Files (x86)/MiKTeX 2.9/tex/latex/amsmath/amsgen.sty"
File: amsgen.sty 1999/11/30 v2.0
\@emptytoks=\toks16
\ex@=\dimen110
))
("C:/Program Files (x86)/MiKTeX 2.9/tex/latex/amsmath/amsbsy.sty"
Package: amsbsy 1999/11/29 v1.2d
\pmbraise@=\dimen111
)
("C:/Program Files (x86)/MiKTeX 2.9/tex/latex/amsmath/amsopn.sty"
Package: amsopn 1999/12/14 v2.01 operator names
)
\inf@bad=\count90
LaTeX Info: Redefining \frac on input line 210.
\uproot@=\count91
\leftroot@=\count92
LaTeX Info: Redefining \overline on input line 306.
\classnum@=\count93
\DOTSCASE@=\count94
LaTeX Info: Redefining \ldots on input line 378.
LaTeX Info: Redefining \dots on input line 381.
LaTeX Info: Redefining \cdots on input line 466.
\Mathstrutbox@=\box28
\strutbox@=\box29
\big@size=\dimen112
LaTeX Font Info:    Redeclaring font encoding OML on input line 566.
LaTeX Font Info:    Redeclaring font encoding OMS on input line 567.
\macc@depth=\count95
\c@MaxMatrixCols=\count96
\dotsspace@=\muskip10
\c@parentequation=\count97
\dspbrk@lvl=\count98
\tag@help=\toks17
\row@=\count99
\column@=\count100
\maxfields@=\count101
\andhelp@=\toks18
\eqnshift@=\dimen113
\alignsep@=\dimen114
\tagshift@=\dimen115
\tagwidth@=\dimen116
\totwidth@=\dimen117
\lineht@=\dimen118
\@envbody=\toks19
\multlinegap=\skip57
\multlinetaggap=\skip58
\mathdisplay@stack=\toks20
LaTeX Info: Redefining \[ on input line 2665.
LaTeX Info: Redefining \] on input line 2666.
)
("C:/Program Files (x86)/MiKTeX 2.9/tex/latex/amsfonts/amssymb.sty"
Package: amssymb 2013/01/14 v3.01 AMS font symbols
)
("C:/Program Files (x86)/MiKTeX 2.9/tex/latex/booktabs/booktabs.sty"
Package: booktabs 2005/04/14 v1.61803 publication quality tables
\heavyrulewidth=\dimen119
\lightrulewidth=\dimen120
\cmidrulewidth=\dimen121
\belowrulesep=\dimen122
\belowbottomsep=\dimen123
\aboverulesep=\dimen124
\abovetopsep=\dimen125
\cmidrulesep=\dimen126
\cmidrulekern=\dimen127
\defaultaddspace=\dimen128
\@cmidla=\count102
\@cmidlb=\count103
\@aboverulesep=\dimen129
\@belowrulesep=\dimen130
\@thisruleclass=\count104
\@lastruleclass=\count105
\@thisrulewidth=\dimen131
)
("C:/Program Files (x86)/MiKTeX 2.9/tex/latex/graphics/color.sty"
Package: color 2005/11/14 v1.0j Standard LaTeX Color (DPC)

("C:/Program Files (x86)/MiKTeX 2.9/tex/latex/00miktex/color.cfg"
File: color.cfg 2007/01/18 v1.5 color configuration of teTeX/TeXLive
)
Package color Info: Driver file: pdftex.def on input line 130.

("C:/Program Files (x86)/MiKTeX 2.9/tex/latex/pdftex-def/pdftex.def"
File: pdftex.def 2011/05/27 v0.06d Graphics/color for pdfTeX

("C:/Program Files (x86)/MiKTeX 2.9/tex/generic/oberdiek/infwarerr.sty"
Package: infwarerr 2010/04/08 v1.3 Providing info/warning/error messages (HO)
)
("C:/Program Files (x86)/MiKTeX 2.9/tex/generic/oberdiek/ltxcmds.sty"
Package: ltxcmds 2011/11/09 v1.22 LaTeX kernel commands for general use (HO)
)
("C:/Program Files (x86)/MiKTeX 2.9/tex/generic/oberdiek/pdftexcmds.sty"
Package: pdftexcmds 2011/11/29 v0.20 Utility functions of pdfTeX for LuaTeX (HO
)

("C:/Program Files (x86)/MiKTeX 2.9/tex/generic/oberdiek/ifluatex.sty"
Package: ifluatex 2010/03/01 v1.3 Provides the ifluatex switch (HO)
Package ifluatex Info: LuaTeX detected.
)
("C:/Program Files (x86)/MiKTeX 2.9/tex/generic/oberdiek/ifpdf.sty"
Package: ifpdf 2011/01/30 v2.3 Provides the ifpdf switch (HO)
Package ifpdf Info: pdfTeX in PDF mode is detected.
)
Package pdftexcmds Info: \pdf@primitive is available.
Package pdftexcmds Info: \pdf@ifprimitive is available.
Package pdftexcmds Info: \pdfdraftmode found.

("C:/Program Files (x86)/MiKTeX 2.9/tex/generic/oberdiek/luatex-loader.sty"
Package: luatex-loader 2010/03/09 v0.4 Lua module loader (HO)

(C:/Program Files (x86)/MiKTeX 2.9/scripts/oberdiek/oberdiek.luatex.lua))
\pdftexcmds@toks=\toks21
)
\Gread@gobject=\count106
))

Class scrreprt Warning: Usage of package `fancyhdr' together
(scrreprt)              with a KOMA-Script class is not recommended.
(scrreprt)              I'd suggest to use 
(scrreprt)              package `scrlayer-scrpage'.
(scrreprt)              Nevertheless, using requested
(scrreprt)              package `fancyhdr' on input line 11.

("C:/Program Files (x86)/MiKTeX 2.9/tex/latex/fancyhdr/fancyhdr.sty"
\fancy@headwidth=\skip59
\f@ncyO@elh=\skip60
\f@ncyO@erh=\skip61
\f@ncyO@olh=\skip62
\f@ncyO@orh=\skip63
\f@ncyO@elf=\skip64
\f@ncyO@erf=\skip65
\f@ncyO@olf=\skip66
\f@ncyO@orf=\skip67
)
("C:/Program Files (x86)/MiKTeX 2.9/tex/latex/graphics/graphicx.sty"
Package: graphicx 1999/02/16 v1.0f Enhanced LaTeX Graphics (DPC,SPQR)

("C:/Program Files (x86)/MiKTeX 2.9/tex/latex/graphics/graphics.sty"
Package: graphics 2009/02/05 v1.0o Standard LaTeX Graphics (DPC,SPQR)

("C:/Program Files (x86)/MiKTeX 2.9/tex/latex/graphics/trig.sty"
Package: trig 1999/03/16 v1.09 sin cos tan (DPC)
)
("C:/Program Files (x86)/MiKTeX 2.9/tex/latex/00miktex/graphics.cfg"
File: graphics.cfg 2007/01/18 v1.5 graphics configuration of teTeX/TeXLive
)
Package graphics Info: Driver file: pdftex.def on input line 91.
)
\Gin@req@height=\dimen132
\Gin@req@width=\dimen133
)
("C:/Program Files (x86)/MiKTeX 2.9/tex/latex/units/units.sty"
Package: units 1998/08/04 v0.9b Typesetting units

("C:/Program Files (x86)/MiKTeX 2.9/tex/latex/base/ifthen.sty"
Package: ifthen 2001/05/26 v1.1c Standard LaTeX ifthen package (DPC)
)
("C:/Program Files (x86)/MiKTeX 2.9/tex/latex/units/nicefrac.sty"
Package: nicefrac 1998/08/04 v0.9b Nice fractions
\L@UnitsRaiseDisplaystyle=\skip68
\L@UnitsRaiseTextstyle=\skip69
\L@UnitsRaiseScriptstyle=\skip70
))
("C:/Program Files (x86)/MiKTeX 2.9/tex/latex/tools/xspace.sty"
Package: xspace 2009/10/20 v1.13 Space after command names (DPC,MH)
)
("C:/Program Files (x86)/MiKTeX 2.9/tex/latex/ltxmisc/here.sty")
("C:/Program Files (x86)/MiKTeX 2.9/tex/latex/oberdiek/epstopdf.sty"
Package: epstopdf 2010/02/09 v2.5 Conversion with epstopdf on the fly (HO)

("C:/Program Files (x86)/MiKTeX 2.9/tex/latex/oberdiek/epstopdf-base.sty"
Package: epstopdf-base 2010/02/09 v2.5 Base part for package epstopdf

("C:/Program Files (x86)/MiKTeX 2.9/tex/latex/oberdiek/grfext.sty"
Package: grfext 2010/08/19 v1.1 Manage graphics extensions (HO)

("C:/Program Files (x86)/MiKTeX 2.9/tex/generic/oberdiek/kvdefinekeys.sty"
Package: kvdefinekeys 2011/04/07 v1.3 Define keys (HO)
))
("C:/Program Files (x86)/MiKTeX 2.9/tex/latex/oberdiek/kvoptions.sty"
Package: kvoptions 2011/06/30 v3.11 Key value format for package options (HO)

("C:/Program Files (x86)/MiKTeX 2.9/tex/generic/oberdiek/kvsetkeys.sty"
Package: kvsetkeys 2012/04/25 v1.16 Key value parser (HO)

("C:/Program Files (x86)/MiKTeX 2.9/tex/generic/oberdiek/etexcmds.sty"
Package: etexcmds 2011/02/16 v1.5 Avoid name clashes with e-TeX commands (HO)
)))

Package epstopdf Warning: Shell escape feature is not enabled.

Package grfext Info: Graphics extension search list:
(grfext)             [.png,.pdf,.jpg,.mps,.jpeg,.jbig2,.jb2,.PNG,.PDF,.JPG,.JPE
G,.JBIG2,.JB2,.eps]
(grfext)             \AppendGraphicsExtensions on input line 452.
)) ("C:/Program Files (x86)/MiKTeX 2.9/tex/latex/tools/array.sty"
Package: array 2008/09/09 v2.4c Tabular extension package (FMi)
\col@sep=\dimen134
\extrarowheight=\dimen135
\NC@list=\toks22
\extratabsurround=\skip71
\backup@length=\skip72
)
("C:/Program Files (x86)/MiKTeX 2.9/tex/latex/lipsum/lipsum.sty"
Package: lipsum 2014/07/27 v1.3 150 paragraphs of Lorem Ipsum dummy text
\c@lips@count=\count107
)
("C:/Program Files (x86)/MiKTeX 2.9/tex/latex/caption/subcaption.sty"
Package: subcaption 2013/02/03 v1.1-62 Sub-captions (AR)
\c@subfigure=\count108
\c@subtable=\count109
)
("C:/Program Files (x86)/MiKTeX 2.9/tex/latex/rotating/rotating.sty"
Package: rotating 2009/03/28 v2.16a rotated objects in LaTeX
\c@r@tfl@t=\count110
\rotFPtop=\skip73
\rotFPbot=\skip74
\rot@float@box=\box30
\rot@mess@toks=\toks23
)
("C:/Program Files (x86)/MiKTeX 2.9/tex/latex/todonotes/todonotes.sty"
Package: todonotes 2015/07/09 .dtx Todonotes source and documentation.
Package: todonotes 2012/07/25

("C:/Program Files (x86)/MiKTeX 2.9/tex/latex/xkeyval/xkeyval.sty"
Package: xkeyval 2012/10/14 v2.6b package option processing (HA)

("C:/Program Files (x86)/MiKTeX 2.9/tex/generic/xkeyval/xkeyval.tex"
\XKV@toks=\toks24
\XKV@tempa@toks=\toks25
\XKV@depth=\count111
File: xkeyval.tex 2012/10/14 v2.6b key=value parser (HA)
))
("C:/Program Files (x86)/MiKTeX 2.9/tex/latex/xcolor/xcolor.sty"
Package: xcolor 2007/01/21 v2.11 LaTeX color extensions (UK)

("C:/Program Files (x86)/MiKTeX 2.9/tex/latex/00miktex/color.cfg"
File: color.cfg 2007/01/18 v1.5 color configuration of teTeX/TeXLive
)
Package xcolor Info: Driver file: pdftex.def on input line 225.
LaTeX Info: Redefining \color on input line 702.
Package xcolor Info: Model `cmy' substituted by `cmy0' on input line 1337.
Package xcolor Info: Model `hsb' substituted by `rgb' on input line 1341.
Package xcolor Info: Model `RGB' extended on input line 1353.
Package xcolor Info: Model `HTML' substituted by `rgb' on input line 1355.
Package xcolor Info: Model `Hsb' substituted by `hsb' on input line 1356.
Package xcolor Info: Model `tHsb' substituted by `hsb' on input line 1357.
Package xcolor Info: Model `HSB' substituted by `hsb' on input line 1358.
Package xcolor Info: Model `Gray' substituted by `gray' on input line 1359.
Package xcolor Info: Model `wave' substituted by `hsb' on input line 1360.
)
("C:/Program Files (x86)/MiKTeX 2.9/tex/latex/pgf/frontendlayer/tikz.sty"
("C:/Program Files (x86)/MiKTeX 2.9/tex/latex/pgf/basiclayer/pgf.sty"
("C:/Program Files (x86)/MiKTeX 2.9/tex/latex/pgf/utilities/pgfrcs.sty"
("C:/Program Files (x86)/MiKTeX 2.9/tex/generic/pgf/utilities/pgfutil-common.te
x"
\pgfutil@everybye=\toks26
)
("C:/Program Files (x86)/MiKTeX 2.9/tex/generic/pgf/utilities/pgfutil-latex.def
"
\pgfutil@abb=\box31
 ("C:/Program Files (x86)/MiKTeX 2.9/tex/latex/ms/everyshi.sty"
Package: everyshi 2001/05/15 v3.00 EveryShipout Package (MS)
))
("C:/Program Files (x86)/MiKTeX 2.9/tex/generic/pgf/utilities/pgfrcs.code.tex"
Package: pgfrcs 2010/10/25 v2.10 (rcs-revision 1.24)
))
Package: pgf 2008/01/15 v2.10 (rcs-revision 1.12)
 ("C:/Program Files (x86)/MiKTeX 2.9/tex/latex/pgf/basiclayer/pgfcore.sty"
("C:/Program Files (x86)/MiKTeX 2.9/tex/latex/pgf/systemlayer/pgfsys.sty"
("C:/Program Files (x86)/MiKTeX 2.9/tex/generic/pgf/systemlayer/pgfsys.code.tex
"
Package: pgfsys 2010/06/30 v2.10 (rcs-revision 1.37)
 ("C:/Program Files (x86)/MiKTeX 2.9/tex/generic/pgf/utilities/pgfkeys.code.tex
"
\pgfkeys@pathtoks=\toks27
\pgfkeys@temptoks=\toks28

("C:/Program Files (x86)/MiKTeX 2.9/tex/generic/pgf/utilities/pgfkeysfiltered.c
ode.tex"
\pgfkeys@tmptoks=\toks29
))
\pgf@x=\dimen136
\pgf@y=\dimen137
\pgf@xa=\dimen138
\pgf@ya=\dimen139
\pgf@xb=\dimen140
\pgf@yb=\dimen141
\pgf@xc=\dimen142
\pgf@yc=\dimen143
\w@pgf@writea=\write3
\r@pgf@reada=\read1
\c@pgf@counta=\count112
\c@pgf@countb=\count113
\c@pgf@countc=\count114
\c@pgf@countd=\count115

("C:/Program Files (x86)/MiKTeX 2.9/tex/generic/pgf/systemlayer/pgf.cfg"
File: pgf.cfg 2008/05/14  (rcs-revision 1.7)
)
Package pgfsys Info: Driver file for pgf: pgfsys-pdftex.def on input line 900.

("C:/Program Files (x86)/MiKTeX 2.9/tex/generic/pgf/systemlayer/pgfsys-pdftex.d
ef"
File: pgfsys-pdftex.def 2009/05/22  (rcs-revision 1.26)

("C:/Program Files (x86)/MiKTeX 2.9/tex/generic/pgf/systemlayer/pgfsys-common-p
df.def"
File: pgfsys-common-pdf.def 2008/05/19  (rcs-revision 1.10)
)))
("C:/Program Files (x86)/MiKTeX 2.9/tex/generic/pgf/systemlayer/pgfsyssoftpath.
code.tex"
File: pgfsyssoftpath.code.tex 2008/07/18  (rcs-revision 1.7)
\pgfsyssoftpath@smallbuffer@items=\count116
\pgfsyssoftpath@bigbuffer@items=\count117
)
("C:/Program Files (x86)/MiKTeX 2.9/tex/generic/pgf/systemlayer/pgfsysprotocol.
code.tex"
File: pgfsysprotocol.code.tex 2006/10/16  (rcs-revision 1.4)
))
("C:/Program Files (x86)/MiKTeX 2.9/tex/generic/pgf/basiclayer/pgfcore.code.tex
"
Package: pgfcore 2010/04/11 v2.10 (rcs-revision 1.7)
 ("C:/Program Files (x86)/MiKTeX 2.9/tex/generic/pgf/math/pgfmath.code.tex"
("C:/Program Files (x86)/MiKTeX 2.9/tex/generic/pgf/math/pgfmathcalc.code.tex"
("C:/Program Files (x86)/MiKTeX 2.9/tex/generic/pgf/math/pgfmathutil.code.tex")
("C:/Program Files (x86)/MiKTeX 2.9/tex/generic/pgf/math/pgfmathparser.code.tex
"
\pgfmath@dimen=\dimen144
\pgfmath@count=\count118
\pgfmath@box=\box32
\pgfmath@toks=\toks30
\pgfmath@stack@operand=\toks31
\pgfmath@stack@operation=\toks32
)
("C:/Program Files (x86)/MiKTeX 2.9/tex/generic/pgf/math/pgfmathfunctions.code.
tex"
("C:/Program Files (x86)/MiKTeX 2.9/tex/generic/pgf/math/pgfmathfunctions.basic
.code.tex")
("C:/Program Files (x86)/MiKTeX 2.9/tex/generic/pgf/math/pgfmathfunctions.trigo
nometric.code.tex")
("C:/Program Files (x86)/MiKTeX 2.9/tex/generic/pgf/math/pgfmathfunctions.rando
m.code.tex")
("C:/Program Files (x86)/MiKTeX 2.9/tex/generic/pgf/math/pgfmathfunctions.compa
rison.code.tex")
("C:/Program Files (x86)/MiKTeX 2.9/tex/generic/pgf/math/pgfmathfunctions.base.
code.tex")
("C:/Program Files (x86)/MiKTeX 2.9/tex/generic/pgf/math/pgfmathfunctions.round
.code.tex")
("C:/Program Files (x86)/MiKTeX 2.9/tex/generic/pgf/math/pgfmathfunctions.misc.
code.tex")))
("C:/Program Files (x86)/MiKTeX 2.9/tex/generic/pgf/math/pgfmathfloat.code.tex"
\c@pgfmathroundto@lastzeros=\count119
))
("C:/Program Files (x86)/MiKTeX 2.9/tex/generic/pgf/basiclayer/pgfcorepoints.co
de.tex"
File: pgfcorepoints.code.tex 2010/04/09  (rcs-revision 1.20)
\pgf@picminx=\dimen145
\pgf@picmaxx=\dimen146
\pgf@picminy=\dimen147
\pgf@picmaxy=\dimen148
\pgf@pathminx=\dimen149
\pgf@pathmaxx=\dimen150
\pgf@pathminy=\dimen151
\pgf@pathmaxy=\dimen152
\pgf@xx=\dimen153
\pgf@xy=\dimen154
\pgf@yx=\dimen155
\pgf@yy=\dimen156
\pgf@zx=\dimen157
\pgf@zy=\dimen158
)
("C:/Program Files (x86)/MiKTeX 2.9/tex/generic/pgf/basiclayer/pgfcorepathconst
ruct.code.tex"
File: pgfcorepathconstruct.code.tex 2010/08/03  (rcs-revision 1.24)
\pgf@path@lastx=\dimen159
\pgf@path@lasty=\dimen160
)
("C:/Program Files (x86)/MiKTeX 2.9/tex/generic/pgf/basiclayer/pgfcorepathusage
.code.tex"
File: pgfcorepathusage.code.tex 2008/04/22  (rcs-revision 1.12)
\pgf@shorten@end@additional=\dimen161
\pgf@shorten@start@additional=\dimen162
)
("C:/Program Files (x86)/MiKTeX 2.9/tex/generic/pgf/basiclayer/pgfcorescopes.co
de.tex"
File: pgfcorescopes.code.tex 2010/09/08  (rcs-revision 1.34)
\pgfpic=\box33
\pgf@hbox=\box34
\pgf@layerbox@main=\box35
\pgf@picture@serial@count=\count120
)
("C:/Program Files (x86)/MiKTeX 2.9/tex/generic/pgf/basiclayer/pgfcoregraphicst
ate.code.tex"
File: pgfcoregraphicstate.code.tex 2008/04/22  (rcs-revision 1.9)
\pgflinewidth=\dimen163
)
("C:/Program Files (x86)/MiKTeX 2.9/tex/generic/pgf/basiclayer/pgfcoretransform
ations.code.tex"
File: pgfcoretransformations.code.tex 2009/06/10  (rcs-revision 1.11)
\pgf@pt@x=\dimen164
\pgf@pt@y=\dimen165
\pgf@pt@temp=\dimen166
)
("C:/Program Files (x86)/MiKTeX 2.9/tex/generic/pgf/basiclayer/pgfcorequick.cod
e.tex"
File: pgfcorequick.code.tex 2008/10/09  (rcs-revision 1.3)
)
("C:/Program Files (x86)/MiKTeX 2.9/tex/generic/pgf/basiclayer/pgfcoreobjects.c
ode.tex"
File: pgfcoreobjects.code.tex 2006/10/11  (rcs-revision 1.2)
)
("C:/Program Files (x86)/MiKTeX 2.9/tex/generic/pgf/basiclayer/pgfcorepathproce
ssing.code.tex"
File: pgfcorepathprocessing.code.tex 2008/10/09  (rcs-revision 1.8)
)
("C:/Program Files (x86)/MiKTeX 2.9/tex/generic/pgf/basiclayer/pgfcorearrows.co
de.tex"
File: pgfcorearrows.code.tex 2008/04/23  (rcs-revision 1.11)
)
("C:/Program Files (x86)/MiKTeX 2.9/tex/generic/pgf/basiclayer/pgfcoreshade.cod
e.tex"
File: pgfcoreshade.code.tex 2008/11/23  (rcs-revision 1.13)
\pgf@max=\dimen167
\pgf@sys@shading@range@num=\count121
)
("C:/Program Files (x86)/MiKTeX 2.9/tex/generic/pgf/basiclayer/pgfcoreimage.cod
e.tex"
File: pgfcoreimage.code.tex 2010/03/25  (rcs-revision 1.16)

("C:/Program Files (x86)/MiKTeX 2.9/tex/generic/pgf/basiclayer/pgfcoreexternal.
code.tex"
File: pgfcoreexternal.code.tex 2010/09/01  (rcs-revision 1.17)
\pgfexternal@startupbox=\box36
))
("C:/Program Files (x86)/MiKTeX 2.9/tex/generic/pgf/basiclayer/pgfcorelayers.co
de.tex"
File: pgfcorelayers.code.tex 2010/08/27  (rcs-revision 1.2)
)
("C:/Program Files (x86)/MiKTeX 2.9/tex/generic/pgf/basiclayer/pgfcoretranspare
ncy.code.tex"
File: pgfcoretransparency.code.tex 2008/01/17  (rcs-revision 1.2)
)
("C:/Program Files (x86)/MiKTeX 2.9/tex/generic/pgf/basiclayer/pgfcorepatterns.
code.tex"
File: pgfcorepatterns.code.tex 2009/07/02  (rcs-revision 1.3)
)))
("C:/Program Files (x86)/MiKTeX 2.9/tex/generic/pgf/modules/pgfmoduleshapes.cod
e.tex"
File: pgfmoduleshapes.code.tex 2010/09/09  (rcs-revision 1.13)
\pgfnodeparttextbox=\box37
)
("C:/Program Files (x86)/MiKTeX 2.9/tex/generic/pgf/modules/pgfmoduleplot.code.
tex"
File: pgfmoduleplot.code.tex 2010/10/22  (rcs-revision 1.8)
)
("C:/Program Files (x86)/MiKTeX 2.9/tex/latex/pgf/compatibility/pgfcomp-version
-0-65.sty"
Package: pgfcomp-version-0-65 2007/07/03 v2.10 (rcs-revision 1.7)
\pgf@nodesepstart=\dimen168
\pgf@nodesepend=\dimen169
)
("C:/Program Files (x86)/MiKTeX 2.9/tex/latex/pgf/compatibility/pgfcomp-version
-1-18.sty"
Package: pgfcomp-version-1-18 2007/07/23 v2.10 (rcs-revision 1.1)
))
("C:/Program Files (x86)/MiKTeX 2.9/tex/latex/pgf/utilities/pgffor.sty"
("C:/Program Files (x86)/MiKTeX 2.9/tex/latex/pgf/utilities/pgfkeys.sty"
("C:/Program Files (x86)/MiKTeX 2.9/tex/generic/pgf/utilities/pgfkeys.code.tex"
)) ("C:/Program Files (x86)/MiKTeX 2.9/tex/generic/pgf/utilities/pgffor.code.te
x"
Package: pgffor 2010/03/23 v2.10 (rcs-revision 1.18)
\pgffor@iter=\dimen170
\pgffor@skip=\dimen171
\pgffor@stack=\toks33
\pgffor@toks=\toks34
))
("C:/Program Files (x86)/MiKTeX 2.9/tex/generic/pgf/frontendlayer/tikz/tikz.cod
e.tex"
Package: tikz 2010/10/13 v2.10 (rcs-revision 1.76)

("C:/Program Files (x86)/MiKTeX 2.9/tex/generic/pgf/libraries/pgflibraryplothan
dlers.code.tex"
File: pgflibraryplothandlers.code.tex 2010/05/31 v2.10 (rcs-revision 1.15)
\pgf@plot@mark@count=\count122
\pgfplotmarksize=\dimen172
)
\tikz@lastx=\dimen173
\tikz@lasty=\dimen174
\tikz@lastxsaved=\dimen175
\tikz@lastysaved=\dimen176
\tikzleveldistance=\dimen177
\tikzsiblingdistance=\dimen178
\tikz@figbox=\box38
\tikz@tempbox=\box39
\tikztreelevel=\count123
\tikznumberofchildren=\count124
\tikznumberofcurrentchild=\count125
\tikz@fig@count=\count126

("C:/Program Files (x86)/MiKTeX 2.9/tex/generic/pgf/modules/pgfmodulematrix.cod
e.tex"
File: pgfmodulematrix.code.tex 2010/08/24  (rcs-revision 1.4)
\pgfmatrixcurrentrow=\count127
\pgfmatrixcurrentcolumn=\count128
\pgf@matrix@numberofcolumns=\count129
)
\tikz@expandcount=\count130

("C:/Program Files (x86)/MiKTeX 2.9/tex/generic/pgf/frontendlayer/tikz/librarie
s/tikzlibrarytopaths.code.tex"
File: tikzlibrarytopaths.code.tex 2008/06/17 v2.10 (rcs-revision 1.2)
)))
("C:/Program Files (x86)/MiKTeX 2.9/tex/generic/pgf/frontendlayer/tikz/librarie
s/tikzlibrarypositioning.code.tex"
File: tikzlibrarypositioning.code.tex 2008/10/06 v2.10 (rcs-revision 1.7)
)
("C:/Program Files (x86)/MiKTeX 2.9/tex/latex/tools/calc.sty"
Package: calc 2007/08/22 v4.3 Infix arithmetic (KKT,FJ)
\calc@Acount=\count131
\calc@Bcount=\count132
\calc@Adimen=\dimen179
\calc@Bdimen=\dimen180
\calc@Askip=\skip75
\calc@Bskip=\skip76
LaTeX Info: Redefining \setlength on input line 76.
LaTeX Info: Redefining \addtolength on input line 77.
\calc@Ccount=\count133
\calc@Cskip=\skip77
)
\c@@todonotes@numberoftodonotes=\count134
)
("C:/Program Files (x86)/MiKTeX 2.9/tex/latex/listings/listings.sty"
\lst@mode=\count135
\lst@gtempboxa=\box40
\lst@token=\toks35
\lst@length=\count136
\lst@currlwidth=\dimen181
\lst@column=\count137
\lst@pos=\count138
\lst@lostspace=\dimen182
\lst@width=\dimen183
\lst@newlines=\count139
\lst@lineno=\count140
\lst@maxwidth=\dimen184

("C:/Program Files (x86)/MiKTeX 2.9/tex/latex/listings/lstmisc.sty"
File: lstmisc.sty 2015/06/04 1.6 (Carsten Heinz)
\c@lstnumber=\count141
\lst@skipnumbers=\count142
\lst@framebox=\box41
)
("C:/Program Files (x86)/MiKTeX 2.9/tex/latex/listings/listings.cfg"
File: listings.cfg 2015/06/04 1.6 listings configuration
))
Package: listings 2015/06/04 1.6 (Carsten Heinz)

("C:/Program Files (x86)/MiKTeX 2.9/tex/latex/chngcntr/chngcntr.sty"
Package: chngcntr 2009/09/02 v1.0a change counter resetting
)
("C:/Program Files (x86)/MiKTeX 2.9/tex/latex/enumitem/enumitem.sty"
Package: enumitem 2011/09/28 v3.5.2 Customized lists
\labelindent=\skip78
\enit@outerparindent=\dimen185
\enit@toks=\toks36
\enit@inbox=\box42
\enitdp@description=\count143
)
(C:/Data/Software/DuMux/Documentation/trackchanges.sty
Package: trackchanges 2009/04/22 v0.7.0 TrackChanges file 

("C:/Program Files (x86)/MiKTeX 2.9/tex/latex/soul/soul.sty"
Package: soul 2003/11/17 v2.4 letterspacing/underlining (mf)
\SOUL@word=\toks37
\SOUL@lasttoken=\toks38
\SOUL@cmds=\toks39
\SOUL@buffer=\toks40
\SOUL@token=\toks41
\SOUL@spaceskip=\skip79
\SOUL@ttwidth=\dimen186
\SOUL@uldp=\dimen187
\SOUL@ulht=\dimen188
)
("C:/Program Files (x86)/MiKTeX 2.9/tex/latex/morefloats/morefloats.sty"
Package: morefloats 2015/07/22 v1.0h Raise limit of unprocessed floats (HMM)
Package morefloats Info: Maximum number of possible floats asked for: 36
(morefloats)             (i.e. 18 more floats).
(morefloats)             LaTeX might run out of memory before this
(morefloats)             (in which case it will notify you).


Package morefloats Warning: LaTeX2e <2011/06/27> patch level 0
(morefloats)                found. At least
(morefloats)                LaTeX2e <2015/01/01> patch level 2
(morefloats)                is now available
(morefloats)                and can handle even more floats.

("C:/Program Files (x86)/MiKTeX 2.9/tex/latex/ifetex/ifetex.sty"
Package: ifetex 2011/12/15 v1.2 ifetex

("C:/Program Files (x86)/MiKTeX 2.9/tex/plain/ifetex/ifetex.tex")))
\c@userid=\count144
\c@changenumber=\count145
\c@storefootnote=\count146
\c@numeditors=\count147
\c@maxeditors=\count148
)
("C:/Program Files (x86)/MiKTeX 2.9/tex/latex/hyperref/hyperref.sty"
Package: hyperref 2012/11/06 v6.83m Hypertext links for LaTeX

("C:/Program Files (x86)/MiKTeX 2.9/tex/generic/oberdiek/hobsub-hyperref.sty"
Package: hobsub-hyperref 2012/04/25 v1.12 Bundle oberdiek, subset hyperref (HO)


("C:/Program Files (x86)/MiKTeX 2.9/tex/generic/oberdiek/hobsub-generic.sty"
Package: hobsub-generic 2012/04/25 v1.12 Bundle oberdiek, subset generic (HO)
Package: hobsub 2012/04/25 v1.12 Construct package bundles (HO)
Package hobsub Info: Skipping package `infwarerr' (already loaded).
Package hobsub Info: Skipping package `ltxcmds' (already loaded).
Package hobsub Info: Skipping package `ifluatex' (already loaded).
Package: ifvtex 2010/03/01 v1.5 Detect VTeX and its facilities (HO)
Package ifvtex Info: VTeX not detected.
Package: intcalc 2007/09/27 v1.1 Expandable calculations with integers (HO)
Package hobsub Info: Skipping package `ifpdf' (already loaded).
Package hobsub Info: Skipping package `etexcmds' (already loaded).
Package hobsub Info: Skipping package `kvsetkeys' (already loaded).
Package hobsub Info: Skipping package `kvdefinekeys' (already loaded).
Package hobsub Info: Skipping package `luatex-loader' (already loaded).
Package hobsub Info: Skipping package `pdftexcmds' (already loaded).
Package: pdfescape 2011/11/25 v1.13 Implements pdfTeX's escape features (HO)
Package: bigintcalc 2012/04/08 v1.3 Expandable calculations on big integers (HO
)
Package: bitset 2011/01/30 v1.1 Handle bit-vector datatype (HO)
Package: uniquecounter 2011/01/30 v1.2 Provide unlimited unique counter (HO)
)
Package hobsub Info: Skipping package `hobsub' (already loaded).
Package: letltxmacro 2010/09/02 v1.4 Let assignment for LaTeX macros (HO)
Package: hopatch 2011/06/24 v1.1 Wrapper for package hooks (HO)
Package: xcolor-patch 2011/01/30 xcolor patch
Package: atveryend 2011/06/30 v1.8 Hooks at the very end of document (HO)
Package atveryend Info: \enddocument detected (standard20110627).
Package: atbegshi 2011/10/05 v1.16 At begin shipout hook (HO)
Package: refcount 2011/10/16 v3.4 Data extraction from label references (HO)
Package: hycolor 2011/01/30 v1.7 Color options for hyperref/bookmark (HO)
)
("C:/Program Files (x86)/MiKTeX 2.9/tex/generic/ifxetex/ifxetex.sty"
Package: ifxetex 2010/09/12 v0.6 Provides ifxetex conditional
)
("C:/Program Files (x86)/MiKTeX 2.9/tex/latex/oberdiek/auxhook.sty"
Package: auxhook 2011/03/04 v1.3 Hooks for auxiliary files (HO)
)
\@linkdim=\dimen189
\Hy@linkcounter=\count149
\Hy@pagecounter=\count150

("C:/Program Files (x86)/MiKTeX 2.9/tex/latex/hyperref/pd1enc.def"
File: pd1enc.def 2012/11/06 v6.83m Hyperref: PDFDocEncoding definition (HO)
)
\Hy@SavedSpaceFactor=\count151

("C:/Program Files (x86)/MiKTeX 2.9/tex/latex/00miktex/hyperref.cfg"
File: hyperref.cfg 2002/06/06 v1.2 hyperref configuration of TeXLive
)
Package hyperref Info: Option `bookmarks' set `true' on input line 4319.
Package hyperref Info: Option `bookmarksopen' set `true' on input line 4319.
Package hyperref Info: Hyper figures OFF on input line 4443.
Package hyperref Info: Link nesting OFF on input line 4448.
Package hyperref Info: Hyper index ON on input line 4451.
Package hyperref Info: Plain pages OFF on input line 4458.
Package hyperref Info: Backreferencing OFF on input line 4463.
Package hyperref Info: Implicit mode ON; LaTeX internals redefined.
Package hyperref Info: Bookmarks ON on input line 4688.
\c@Hy@tempcnt=\count152

("C:/Program Files (x86)/MiKTeX 2.9/tex/latex/ltxmisc/url.sty"
\Urlmuskip=\muskip11
Package: url 2006/04/12  ver 3.3  Verb mode for urls, etc.
)
LaTeX Info: Redefining \url on input line 5041.
\XeTeXLinkMargin=\dimen190
\Fld@menulength=\count153
\Field@Width=\dimen191
\Fld@charsize=\dimen192
Package hyperref Info: Hyper figures OFF on input line 6295.
Package hyperref Info: Link nesting OFF on input line 6300.
Package hyperref Info: Hyper index ON on input line 6303.
Package hyperref Info: backreferencing OFF on input line 6310.
Package hyperref Info: Link coloring OFF on input line 6315.
Package hyperref Info: Link coloring with OCG OFF on input line 6320.
Package hyperref Info: PDF/A mode OFF on input line 6325.
LaTeX Info: Redefining \ref on input line 6365.
LaTeX Info: Redefining \pageref on input line 6369.
\Hy@abspage=\count154
\c@Item=\count155
\c@Hfootnote=\count156
)

Package hyperref Message: Driver (autodetected): hpdftex.

("C:/Program Files (x86)/MiKTeX 2.9/tex/latex/hyperref/hpdftex.def"
File: hpdftex.def 2012/11/06 v6.83m Hyperref driver for pdfTeX
\Fld@listcount=\count157
\c@bookmark@seq@number=\count158

("C:/Program Files (x86)/MiKTeX 2.9/tex/latex/oberdiek/rerunfilecheck.sty"
Package: rerunfilecheck 2011/04/15 v1.7 Rerun checks for auxiliary files (HO)
Package uniquecounter Info: New unique counter `rerunfilecheck' on input line 2
82.
)
\Hy@SectionHShift=\skip80
)
("C:/Program Files (x86)/MiKTeX 2.9/tex/latex/listings/lstlang1.sty"
File: lstlang1.sty 2015/06/04 1.6 listings language file
)
("C:/Program Files (x86)/MiKTeX 2.9/tex/latex/listings/lstlang1.sty"
File: lstlang1.sty 2015/06/04 1.6 listings language file
)
("C:/Program Files (x86)/MiKTeX 2.9/tex/latex/listings/lstmisc.sty"
File: lstmisc.sty 2015/06/04 1.6 (Carsten Heinz)
)
(C:/Data/Software/DuMux/Documentation/Main_.aux
(C:/Data/Software/DuMux/Documentation/installation.aux)
(C:/Data/Software/DuMux/Documentation/grids.aux)
(C:/Data/Software/DuMux/Documentation/exampleWater.aux)
(C:/Data/Software/DuMux/Documentation/example_solutes.aux

LaTeX Warning: Label `tab:inputs' multiply defined.

) (C:/Data/Software/DuMux/Documentation/example_pesticides.aux

LaTeX Warning: Label `tab:inputs' multiply defined.

) (C:/Data/Software/DuMux/Documentation/example_exudates.aux))
LaTeX Font Info:    Checking defaults for OML/cmm/m/it on input line 85.
LaTeX Font Info:    ... okay on input line 85.
LaTeX Font Info:    Checking defaults for T1/cmr/m/n on input line 85.
LaTeX Font Info:    ... okay on input line 85.
LaTeX Font Info:    Checking defaults for OT1/cmr/m/n on input line 85.
LaTeX Font Info:    ... okay on input line 85.
LaTeX Font Info:    Checking defaults for OMS/cmsy/m/n on input line 85.
LaTeX Font Info:    ... okay on input line 85.
LaTeX Font Info:    Checking defaults for OMX/cmex/m/n on input line 85.
LaTeX Font Info:    ... okay on input line 85.
LaTeX Font Info:    Checking defaults for U/cmr/m/n on input line 85.
LaTeX Font Info:    ... okay on input line 85.
LaTeX Font Info:    Checking defaults for PD1/pdf/m/n on input line 85.
LaTeX Font Info:    ... okay on input line 85.
Package caption Info: Begin \AtBeginDocument code.
Package caption Info: hyperref package is loaded.
Package caption Info: listings package is loaded.
Package caption Info: rotating package is loaded.
Package caption Info: End \AtBeginDocument code.

("C:/Program Files (x86)/MiKTeX 2.9/tex/context/base/supp-pdf.mkii"
[Loading MPS to PDF converter (version 2006.09.02).]
\scratchcounter=\count159
\scratchdimen=\dimen193
\scratchbox=\box43
\nofMPsegments=\count160
\nofMParguments=\count161
\everyMPshowfont=\toks42
\MPscratchCnt=\count162
\MPscratchDim=\dimen194
\MPnumerator=\count163
\makeMPintoPDFobject=\count164
\everyMPtoPDFconversion=\toks43
) ABD: EveryShipout initializing macros
\c@lstlisting=\count165
\AtBeginShipoutBox=\box44
Package hyperref Info: Link coloring OFF on input line 85.

("C:/Program Files (x86)/MiKTeX 2.9/tex/latex/hyperref/nameref.sty"
Package: nameref 2012/10/27 v2.43 Cross-referencing by name of section

("C:/Program Files (x86)/MiKTeX 2.9/tex/generic/oberdiek/gettitlestring.sty"
Package: gettitlestring 2010/12/03 v1.4 Cleanup title references (HO)
)
\c@section@level=\count166
)
LaTeX Info: Redefining \ref on input line 85.
LaTeX Info: Redefining \pageref on input line 85.
LaTeX Info: Redefining \nameref on input line 85.

(C:/Data/Software/DuMux/Documentation/Main_.out)
(C:/Data/Software/DuMux/Documentation/Main_.out)
\@outlinefile=\write4
LaTeX Font Info:    Try loading font information for U+msa on input line 88.

("C:/Program Files (x86)/MiKTeX 2.9/tex/latex/amsfonts/umsa.fd"
File: umsa.fd 2013/01/14 v3.01 AMS symbols A
)
LaTeX Font Info:    Try loading font information for U+msb on input line 88.

("C:/Program Files (x86)/MiKTeX 2.9/tex/latex/amsfonts/umsb.fd"
File: umsb.fd 2013/01/14 v3.01 AMS symbols B
) [1



{C:/ProgramData/MiKTeX/2.9/pdftex/config/pdftex.map}]
<./Figs/Overview.png, id=14, 142.26378pt x 88.01385pt>
File: ./Figs/Overview.png Graphic file (type png)

<use ./Figs/Overview.png>
Package pdftex.def Info: ./Figs/Overview.png used on input line 91.
(pdftex.def)             Requested size: 396.91324pt x 245.5789pt.
 [2 <C:/Data/Software/DuMux/Documentation/Figs/Overview.png>] (C:/Data/Software
/DuMux/Documentation/installation.tex
Underfull \hbox (badness 10000) in paragraph at lines 4--10

 []


Overfull \hbox (40.63252pt too wide) in paragraph at lines 12--30
\OT1/cmtt/m/n/12 git clone https://git.iws.uni-stuttgart.de/dumux-appl/dumux-mu
ltidimension.git 
 []


Underfull \hbox (badness 10000) in paragraph at lines 12--30

 []


Underfull \hbox (badness 10000) in paragraph at lines 33--34

 []

[3


]
Underfull \hbox (badness 10000) in paragraph at lines 35--37

 []

! Missing $ inserted.
<inserted text> 
                $
l.62 
     
I've inserted a begin-math/end-math symbol since I think
you left one out. Proceed, with fingers crossed.

) [4] (C:/Data/Software/DuMux/Documentation/grids.tex
<./Figs/grids.jpg, id=53, 2372.865pt x 1422.31375pt>
File: ./Figs/grids.jpg Graphic file (type jpg)
 <use ./Figs/grids.jpg>
Package pdftex.def Info: ./Figs/grids.jpg used on input line 7.
(pdftex.def)             Requested size: 220.50885pt x 132.16963pt.

<./Figs/merged.jpg, id=55, 1434.35875pt x 1422.31375pt>
File: ./Figs/merged.jpg Graphic file (type jpg)

<use ./Figs/merged.jpg>
Package pdftex.def Info: ./Figs/merged.jpg used on input line 16.
(pdftex.def)             Requested size: 145.53665pt x 144.30147pt.
 [5



 <C:/Data/Software/DuMux/Documentation/Figs/grids.jpg> <C:/Data/Software/DuMux/
Documentation/Figs/merged.jpg>]) [6]
(C:/Data/Software/DuMux/Documentation/exampleWater.tex [7



]
Package hyperref Info: bookmark level for unknown todo defaults to 0 on input l
ine 43.
 [8]
(C:/Data/Software/DuMux/code/dumux/dumux/porousmediumflow/Richards/implicit/loc
alresidual.hh [9])
(C:/Data/Software/DuMux/code/dumux/dumux/porousmediumflow/Richards/implicit/loc
alresidual.hh [10] [11])
(C:/Data/Software/DuMux/code/dumux/dumux/porousmediumflow/Richards/implicit/flu
xvariables.hh)
Underfull \hbox (badness 10000) in paragraph at lines 66--68

 []


(C:/Data/Software/DuMux/code/dumux/dumux/porousmediumflow/implicit/darcyfluxvar
iables.hh [12] [13] [14] [15] [16] [17] [18] [19]
Overfull \hbox (144.3774pt too wide) in paragraph at lines 258--259
[][][][][][] 
 []


Overfull \hbox (97.68681pt too wide) in paragraph at lines 258--259
[][] 
 []


Overfull \hbox (90.27675pt too wide) in paragraph at lines 258--259
[][] 
 []


Overfull \hbox (82.86668pt too wide) in paragraph at lines 258--259
[]  
 []


Overfull \hbox (92.50694pt too wide) in paragraph at lines 259--260
[][][][][][] 
 []


Overfull \hbox (97.68681pt too wide) in paragraph at lines 259--260
[][] 
 []


Overfull \hbox (90.27675pt too wide) in paragraph at lines 259--260
[][] 
 []


Overfull \hbox (90.27675pt too wide) in paragraph at lines 259--260
[][] 
 []


Overfull \hbox (90.27675pt too wide) in paragraph at lines 259--260
[][] 
 []


Overfull \hbox (90.27675pt too wide) in paragraph at lines 259--260
[][] 
 []


Overfull \hbox (82.86668pt too wide) in paragraph at lines 259--260
[]  
 []


Overfull \hbox (144.3774pt too wide) in paragraph at lines 261--262
[][][][][][] 
 []


Overfull \hbox (97.68681pt too wide) in paragraph at lines 261--262
[][] 
 []


Overfull \hbox (90.27675pt too wide) in paragraph at lines 261--262
[][] 
 []


Overfull \hbox (82.86668pt too wide) in paragraph at lines 261--262
[]  
 []


Overfull \hbox (92.50694pt too wide) in paragraph at lines 262--263
[][][][][][] 
 []


Overfull \hbox (97.68681pt too wide) in paragraph at lines 262--263
[][] 
 []


Overfull \hbox (90.27675pt too wide) in paragraph at lines 262--263
[][] 
 []


Overfull \hbox (90.27675pt too wide) in paragraph at lines 262--263
[][] 
 []


Overfull \hbox (90.27675pt too wide) in paragraph at lines 262--263
[][] 
 []


Overfull \hbox (90.27675pt too wide) in paragraph at lines 262--263
[][] 
 []


Overfull \hbox (90.27675pt too wide) in paragraph at lines 262--263
[][] 
 []


Overfull \hbox (82.86668pt too wide) in paragraph at lines 262--263
[]  
 []

[20] [21] [22])
Underfull \hbox (badness 10000) in paragraph at lines 70--72

 []


Underfull \hbox (badness 10000) in paragraph at lines 73--75

 []


(C:/Data/Software/DuMux/code/dumux-rosi/rosi_examples/richardsrootsystem/richar
dstestproblem.hh [23])
(C:/Data/Software/DuMux/code/dumux-rosi/rosi_examples/richardsrootsystem/richar
dstestproblem.hh [24])
(C:/Data/Software/DuMux/code/dumux-rosi/rosi_examples/richardsrootsystem/richar
dstestproblem.hh)
Overfull \hbox (3.06345pt too wide) in paragraph at lines 85--88
[]\OT1/cmtt/m/n/12 dumux/dumux/porousmediumflow/1p/implicit/localresidual.hh \O
T1/cmr/m/n/12 The stor-age term: 
 []


(C:/Data/Software/DuMux/code/dumux/dumux/porousmediumflow/1p/implicit/localresi
dual.hh [25])
(C:/Data/Software/DuMux/code/dumux/dumux/porousmediumflow/1p/implicit/localresi
dual.hh [26])
Overfull \hbox (15.93251pt too wide) in paragraph at lines 93--95
[]\OT1/cmtt/m/n/12 dumux-multidimension/dumux/porousmediumflow/1d/rootsystem/fl
uxvariables.hh 
 []


Underfull \hbox (badness 10000) in paragraph at lines 93--95

 []


(C:/Data/Software/DuMux/code/dumux-multidimension/dumux/porousmediumflow/1d/roo
tsystem/fluxvariables.hh [27])
Underfull \hbox (badness 10000) in paragraph at lines 99--101

 []


(C:/Data/Software/DuMux/code/dumux-rosi/rosi_examples/richardsrootsystem/rootsy
stemtestproblem.hh [28])
(C:/Data/Software/DuMux/code/dumux-rosi/rosi_examples/richardsrootsystem/rootsy
stemtestproblem.hh
Overfull \hbox (45.81636pt too wide) in paragraph at lines 187--188
[][] 
 []

[29])

LaTeX Warning: `!h' float specifier changed to `!ht'.


Underfull \hbox (badness 10000) in paragraph at lines 133--134

 []

[30]
Overfull \hbox (36.22105pt too wide) in paragraph at lines 134--135
[][][]\OT1/cmtt/m/n/12 dumux-rosi/rosi_examples/richardsrootsystem/richardstest
spatialparams.hh\OT1/cmr/m/n/12 . 
 []


Underfull \hbox (badness 10000) in paragraph at lines 134--135

 []


Overfull \hbox (48.57106pt too wide) in paragraph at lines 135--136
[][][]\OT1/cmtt/m/n/12 dumux-rosi/rosi_examples/richardsrootsystem/rootsystemte
stspatialparams.hh\OT1/cmr/m/n/12 . 
 []


Underfull \hbox (badness 10000) in paragraph at lines 135--136

 []


Overfull \hbox (97.97108pt too wide) in paragraph at lines 136--137
[][][]\OT1/cmtt/m/n/12 dumux-rosi/rosi_examples/richardsrootsystem/grid/Anagall
is_femina_Leitner_2010.dgf\OT1/cmr/m/n/12 . 
 []


Underfull \hbox (badness 10000) in paragraph at lines 136--137

 []


(C:/Data/Software/DuMux/code/dumux-rosi/rosi_examples/richardsrootsystem/test_r
osi.input
Overfull \hbox (25.81636pt too wide) in paragraph at lines 1--2
[][][][][] 
 []


Overfull \hbox (25.81636pt too wide) in paragraph at lines 5--7
[][][][][] 
 []


Overfull \hbox (25.81636pt too wide) in paragraph at lines 7--8
[][][][][] 
 []


Overfull \hbox (25.81636pt too wide) in paragraph at lines 9--11
[][][][][] 
 []

[31])
Overfull \hbox (21.21017pt too wide) in paragraph at lines 146--148
[]\OT1/cmr/m/n/12 The de-fault solver of all dumux-rosi ex-am-ples is an it-er-
a-tive solver. In []\OT1/cmtt/m/n/12 rositestproblem.hh
 []

[32] [33] <./Figs/RWU.png, id=927, 995.72pt x 628.3475pt>
File: ./Figs/RWU.png Graphic file (type png)
 <use ./Figs/RWU.png>
Package pdftex.def Info: ./Figs/RWU.png used on input line 162.
(pdftex.def)             Requested size: 352.8155pt x 222.64784pt.
) [34

 <C:/Data/Software/DuMux/Documentation/Figs/RWU.png (PNG copy)>]
(C:/Data/Software/DuMux/Documentation/example_solutes.tex [35



] [36] [37]
(C:/Data/Software/DuMux/code/dumux-rosi/dumux/porousmediumflow/richards2cbuffer
/richards2cbufferlocalresidual.hh [38])
(C:/Data/Software/DuMux/code/dumux-rosi/dumux/porousmediumflow/richards2cbuffer
/richards2cbufferlocalresidual.hh [39])
(C:/Data/Software/DuMux/code/dumux-rosi/dumux/porousmediumflow/richards2cbuffer
/richards2cbufferlocalresidual.hh [40])
(C:/Data/Software/DuMux/code/dumux-rosi/dumux/porousmediumflow/richards2cbuffer
/richards2cbufferfluxvariables.hh
Overfull \hbox (8.76604pt too wide) in paragraph at lines 534--535
[][] 
 []

[41]) [42]
(C:/Data/Software/DuMux/code/dumux-rosi/dumux/porousmediumflow/rootmodel1p2c/lo
calresidual1p2c.hh [43])
(C:/Data/Software/DuMux/code/dumux-rosi/dumux/porousmediumflow/rootmodel1p2c/lo
calresidual1p2c.hh [44])
(C:/Data/Software/DuMux/code/dumux-rosi/dumux/porousmediumflow/rootmodel1p2c/lo
calresidual1p2c.hh) [45]
(C:/Data/Software/DuMux/code/dumux-rosi/dumux/material/components/solute.hh)
(C:/Data/Software/DuMux/code/dumux-rosi/rosi_examples/RosiRichards2cbuffer/soil
Richards2cbuffertestproblem.hh [46] [47])
(C:/Data/Software/DuMux/code/dumux-rosi/rosi_examples/RosiRichards2cbuffer/root
system1p2ctestproblem.hh [48] [49] [50])
Overfull \hbox (57.65721pt too wide) in paragraph at lines 259--260
[][][]\OT1/cmtt/m/n/12 dumux-rosi/rosi_examples/RosiRichards2cbuffer/rootsystem
testspatialparams.hh 
 []


Overfull \hbox (107.05724pt too wide) in paragraph at lines 260--261
[][][]\OT1/cmtt/m/n/12 dumux-rosi/rosi_examples/RosiRichards2cbuffer/test_rosiR
ichards2cbuffernitrate.input 
 []

[51]
(C:/Data/Software/DuMux/code/dumux-rosi/rosi_examples/RosiRichards2cbuffer/test
_rosiRichards2cbuffernitrate.input) [52]
(C:/Data/Software/DuMux/code/dumux-rosi/dumux/porousmediumflow/rootmodel1p2c/pr
oblem1p2c.hh
Overfull \hbox (45.81636pt too wide) in paragraph at lines 181--182
[][] 
 []

[53]) <./Figs/solutes.jpg, id=1472, 225.84375pt x 297.36093pt>
File: ./Figs/solutes.jpg Graphic file (type jpg)

<use ./Figs/solutes.jpg>
Package pdftex.def Info: ./Figs/solutes.jpg used on input line 306.
(pdftex.def)             Requested size: 396.91324pt x 522.6717pt.
 [54]
Overfull \hbox (7.35356pt too wide) in paragraph at lines 313--315
[]\OT1/cmr/m/n/12 The de-fault solver of all dumux-rosi ex-am-ples is an it-er-
a-tive solver. In rosiRichards2ctest-
 []

[55 <C:/Data/Software/DuMux/Documentation/Figs/solutes.jpg>]) [56]
(C:/Data/Software/DuMux/Documentation/example_pesticides.tex [57



] [58] [59]
(C:/Data/Software/DuMux/code/dumux-rosi/dumux/porousmediumflow/richards2cbuffer
/richards2cbufferlocalresidual.hh [60])
(C:/Data/Software/DuMux/code/dumux-rosi/dumux/porousmediumflow/richards2cbuffer
/richards2cbufferlocalresidual.hh [61])
(C:/Data/Software/DuMux/code/dumux-rosi/dumux/porousmediumflow/richards2cbuffer
/richards2cbufferlocalresidual.hh [62])
(C:/Data/Software/DuMux/code/dumux-rosi/dumux/porousmediumflow/richards2cbuffer
/richards2cbufferfluxvariables.hh
Overfull \hbox (8.76604pt too wide) in paragraph at lines 534--535
[][] 
 []

[63] [64])
(C:/Data/Software/DuMux/code/dumux-rosi/dumux/porousmediumflow/rootmodel1p2c/lo
calresidual1p2c.hh [65])
(C:/Data/Software/DuMux/code/dumux-rosi/dumux/porousmediumflow/rootmodel1p2c/lo
calresidual1p2c.hh [66])
(C:/Data/Software/DuMux/code/dumux-rosi/dumux/porousmediumflow/rootmodel1p2c/lo
calresidual1p2c.hh [67])
(C:/Data/Software/DuMux/code/dumux-rosi/dumux/material/components/solute.hh)
[68]
(C:/Data/Software/DuMux/code/dumux-rosi/rosi_examples/RosiRichards2cDiff/soilRi
chards2ctestproblem.hh [69] [70])
(C:/Data/Software/DuMux/code/dumux-rosi/rosi_examples/RosiRichards2cDiff/rootsy
stem1p2ctestproblem.hh [71] [72])

LaTeX Warning: `!h' float specifier changed to `!ht'.

[73]
Overfull \hbox (45.3072pt too wide) in paragraph at lines 260--261
[][][]\OT1/cmtt/m/n/12 dumux-rosi/rosi_examples/RosiRichards2cDiff/rootsystemte
stspatialparams.hh 
 []


Overfull \hbox (39.1322pt too wide) in paragraph at lines 261--262
[][][]\OT1/cmtt/m/n/12 dumux-rosi/rosi_examples/RosiRichards2cDiff/test_rosiRic
hards2cDiff.input 
 []


(C:/Data/Software/DuMux/code/dumux-rosi/rosi_examples/RosiRichards2cDiff/test_r
osiRichards2cDiff.input
Overfull \hbox (25.81636pt too wide) in paragraph at lines 7--8
[][][][][] 
 []


Overfull \hbox (25.81636pt too wide) in paragraph at lines 9--11
[][][][][] 
 []

[74] [75])
(C:/Data/Software/DuMux/code/dumux-rosi/rosi_examples/RosiRichards2cDiff/soilRi
chards2ctestproblem.hh)
(C:/Data/Software/DuMux/code/dumux-rosi/rosi_examples/RosiRichards2cDiff/soilRi
chards2ctestproblem.hh)
(C:/Data/Software/DuMux/code/dumux-rosi/rosi_examples/RosiRichards2cDiff/rootsy
stem1p2ctestproblem.hh
Overfull \hbox (10.99623pt too wide) in paragraph at lines 246--247
[][][][][][] 
 []


Overfull \hbox (38.4063pt too wide) in paragraph at lines 246--247
[][] 
 []

) [76]
(C:/Data/Software/DuMux/code/dumux-rosi/dumux/porousmediumflow/rootmodel1p2c/pr
oblem1p2c.hh
Overfull \hbox (45.81636pt too wide) in paragraph at lines 181--182
[][] 
 []

[77]) <./Figs/example_pesticides.jpg, id=2128, 277.035pt x 342.78062pt>
File: ./Figs/example_pesticides.jpg Graphic file (type jpg)

<use ./Figs/example_pesticides.jpg>
Package pdftex.def Info: ./Figs/example_pesticides.jpg used on input line 296.
(pdftex.def)             Requested size: 396.91324pt x 491.1088pt.
 [78]
Overfull \hbox (7.35356pt too wide) in paragraph at lines 303--305
[]\OT1/cmr/m/n/12 The de-fault solver of all dumux-rosi ex-am-ples is an it-er-
a-tive solver. In rosiRichards2ctest-
 []

[79 <C:/Data/Software/DuMux/Documentation/Figs/example_pesticides.jpg>])
[80] (C:/Data/Software/DuMux/Documentation/example_exudates.tex [81



] [82]
[83]
(C:/Data/Software/DuMux/code/dumux-rosi/dumux/porousmediumflow/richards2cbuffer
/richards2cbufferlocalresidual.hh [84])
(C:/Data/Software/DuMux/code/dumux-rosi/dumux/porousmediumflow/richards2cbuffer
/richards2cbufferlocalresidual.hh [85])
(C:/Data/Software/DuMux/code/dumux-rosi/dumux/porousmediumflow/richards2cbuffer
/richards2cbufferlocalresidual.hh [86])
(C:/Data/Software/DuMux/code/dumux-rosi/dumux/porousmediumflow/richards2cbuffer
/richards2cbufferfluxvariables.hh
Overfull \hbox (8.76604pt too wide) in paragraph at lines 534--535
[][] 
 []

[87]) [88]
(C:/Data/Software/DuMux/code/dumux-rosi/dumux/porousmediumflow/rootmodel1p2c/lo
calresidual1p2c.hh [89])
(C:/Data/Software/DuMux/code/dumux-rosi/dumux/porousmediumflow/rootmodel1p2c/lo
calresidual1p2c.hh)
(C:/Data/Software/DuMux/code/dumux-rosi/dumux/porousmediumflow/rootmodel1p2c/lo
calresidual1p2c.hh) [90]
(C:/Data/Software/DuMux/code/dumux-rosi/dumux/material/components/solute.hh)
(C:/Data/Software/DuMux/code/dumux-rosi/rosi_examples/RosiRichards2cExud/soilRi
chards2ctestproblem.hh [91])
(C:/Data/Software/DuMux/code/dumux-rosi/rosi_examples/RosiRichards2cExud/rootsy
stem1p2ctestproblem.hh [92] [93]) [94]
Overfull \hbox (45.3072pt too wide) in paragraph at lines 209--210
[][][]\OT1/cmtt/m/n/12 dumux-rosi/rosi_examples/RosiRichards2cExud/rootsystemte
stspatialparams.hh 
 []


Overfull \hbox (39.1322pt too wide) in paragraph at lines 210--211
[][][]\OT1/cmtt/m/n/12 dumux-rosi/rosi_examples/RosiRichards2cExud/test_rosiRic
hards2cExud.input 
 []


(C:/Data/Software/DuMux/code/dumux-rosi/rosi_examples/RosiRichards2cExud/test_r
osiRichards2cExud.input
Overfull \hbox (25.81636pt too wide) in paragraph at lines 7--8
[][][][][] 
 []


Overfull \hbox (25.81636pt too wide) in paragraph at lines 9--11
[][][][][] 
 []

[95]) [96]
(C:/Data/Software/DuMux/code/dumux-rosi/rosi_examples/RosiRichards2cExud/soilRi
chards2ctestproblem.hh
Overfull \hbox (75.45662pt too wide) in paragraph at lines 363--364
[][] 
 []

)
(C:/Data/Software/DuMux/code/dumux-rosi/rosi_examples/RosiRichards2cExud/soilRi
chards2ctestproblem.hh [97])
(C:/Data/Software/DuMux/code/dumux-rosi/dumux/porousmediumflow/rootmodel1p2c/pr
oblem1p2c.hh
Overfull \hbox (45.81636pt too wide) in paragraph at lines 181--182
[][] 
 []

[98]) <./Figs/example_exudates.jpg, id=2689, 430.31451pt x 395.67825pt>
File: ./Figs/example_exudates.jpg Graphic file (type jpg)

<use ./Figs/example_exudates.jpg>
Package pdftex.def Info: ./Figs/example_exudates.jpg used on input line 241.
(pdftex.def)             Requested size: 396.91324pt x 364.96422pt.
 [99]
Overfull \hbox (7.35356pt too wide) in paragraph at lines 248--250
[]\OT1/cmr/m/n/12 The de-fault solver of all dumux-rosi ex-am-ples is an it-er-
a-tive solver. In rosiRichards2ctest-
 []

) [100 <C:/Data/Software/DuMux/Documentation/Figs/example_exudates.jpg>]
Package atveryend Info: Empty hook `BeforeClearDocument' on input line 111.
Package atveryend Info: Empty hook `AfterLastShipout' on input line 111.

(C:/Data/Software/DuMux/Documentation/Main_.aux
(C:/Data/Software/DuMux/Documentation/installation.aux)
(C:/Data/Software/DuMux/Documentation/grids.aux)
(C:/Data/Software/DuMux/Documentation/exampleWater.aux)
(C:/Data/Software/DuMux/Documentation/example_solutes.aux)
(C:/Data/Software/DuMux/Documentation/example_pesticides.aux)
(C:/Data/Software/DuMux/Documentation/example_exudates.aux))
Package atveryend Info: Executing hook `AtVeryEndDocument' on input line 111.
Package atveryend Info: Executing hook `AtEndAfterFileList' on input line 111.
Package rerunfilecheck Info: File `Main_.out' has not changed.
(rerunfilecheck)             Checksum: D41D8CD98F00B204E9800998ECF8427E;0.


LaTeX Warning: There were multiply-defined labels.

Package atveryend Info: Empty hook `AtVeryVeryEnd' on input line 111.
 )

Here is how much of LuaTeX's memory you used:
 25948 strings out of 495011
 381554,794899 words of node,token memory allocated
 639 words of node memory still in use:
    nodes
   avail lists: 1:2,2:36,3:373,4:5440,5:7080,6:2171,7:24764,8:42,9:7683,10:456
 25347 multiletter control sequences out of 65536+200000
 96 fonts using 2692843 bytes
 74i,21n,97p,8848b,918s stack positions out of 5000i,500n,10000p,200000b,50000s
<C:/Program Files (x86)/MiKTeX 2.9/fonts/type1/public/amsfonts/cm/cmbx12.pfb><C
:/Program Files (x86)/MiKTeX 2.9/fonts/type1/public/amsfonts/cm/cmbx7.pfb><C:/P
rogram Files (x86)/MiKTeX 2.9/fonts/type1/public/amsfonts/cm/cmex10.pfb><C:/Pro
gram Files (x86)/MiKTeX 2.9/fonts/type1/public/amsfonts/cm/cmitt10.pfb><C:/Prog
ram Files (x86)/MiKTeX 2.9/fonts/type1/public/amsfonts/cm/cmmi10.pfb><C:/Progra
m Files (x86)/MiKTeX 2.9/fonts/type1/public/amsfonts/cm/cmmi12.pfb><C:/Program 
Files (x86)/MiKTeX 2.9/fonts/type1/public/amsfonts/cm/cmmi5.pfb><C:/Program Fil
es (x86)/MiKTeX 2.9/fonts/type1/public/amsfonts/cm/cmmi6.pfb><C:/Program Files 
(x86)/MiKTeX 2.9/fonts/type1/public/amsfonts/cm/cmmi7.pfb><C:/Program Files (x8
6)/MiKTeX 2.9/fonts/type1/public/amsfonts/cm/cmmi8.pfb><C:/Program Files (x86)/
MiKTeX 2.9/fonts/type1/public/amsfonts/cm/cmmib10.pfb><C:/Program Files (x86)/M
iKTeX 2.9/fonts/type1/public/amsfonts/cmextra/cmmib7.pfb><C:/Program Files (x86
)/MiKTeX 2.9/fonts/type1/public/amsfonts/cm/cmr10.pfb><C:/Program Files (x86)/M
iKTeX 2.9/fonts/type1/public/amsfonts/cm/cmr12.pfb><C:/Program Files (x86)/MiKT
eX 2.9/fonts/type1/public/amsfonts/cm/cmr17.pfb><C:/Program Files (x86)/MiKTeX 
2.9/fonts/type1/public/amsfonts/cm/cmr7.pfb><C:/Program Files (x86)/MiKTeX 2.9/
fonts/type1/public/amsfonts/cm/cmr8.pfb><C:/Program Files (x86)/MiKTeX 2.9/font
s/type1/public/amsfonts/cm/cmsltt10.pfb><C:/Program Files (x86)/MiKTeX 2.9/font
s/type1/public/amsfonts/cm/cmssbx10.pfb><C:/Program Files (x86)/MiKTeX 2.9/font
s/type1/public/amsfonts/cm/cmsy10.pfb><C:/Program Files (x86)/MiKTeX 2.9/fonts/
type1/public/amsfonts/cm/cmsy8.pfb><C:/Program Files (x86)/MiKTeX 2.9/fonts/typ
e1/public/amsfonts/cm/cmtt12.pfb>
Output written on Main_.pdf (100 pages, 3458201 bytes).

PDF statistics: 2879 PDF objects out of 2984 (max. 8388607)
 2358 named destinations out of 2487 (max. 131072)
 16 words of extra memory for PDF output out of 10000 (max. 10000000)

